<?xml version="1.0" encoding="UTF-8"?>
<!-- Generated by org.testng.reporters.JUnitXMLReporter -->
<testsuite hostname="DESKTOP-3R73L8V" ignored="0" name="OpencartTests" tests="2" failures="1" timestamp="2021-03-24T07:13:35 IST" time="25.899" errors="0">
  <testcase name="test_accout_Registration" time="9.177" classname="testCases.TC_001_AccountRegistration">
    <failure type="java.lang.AssertionError" message="expected [true] but found [false]">
      <![CDATA[java.lang.AssertionError: expected [true] but found [false]
at testCases.TC_001_AccountRegistration.test_accout_Registration(TC_001_AccountRegistration.java:66)
at java.util.ArrayList.forEach(ArrayList.java:1257)
at java.util.concurrent.FutureTask.run(FutureTask.java:266)
at java.util.concurrent.ThreadPoolExecutor.runWorker(ThreadPoolExecutor.java:1149)
at java.util.concurrent.ThreadPoolExecutor$Worker.run(ThreadPoolExecutor.java:624)
at java.lang.Thread.run(Thread.java:748)
... Removed 22 stack frames]]>
    </failure>
  </testcase> <!-- test_accout_Registration -->
  <testcase name="test_Login" time="8.038" classname="testCases.TC_002_Login"/>
</testsuite> <!-- OpencartTests -->
